INFO - 2024-08-17 00:11:17 --> Session: Class initialized using 'CodeIgniter\Session\Handlers\FileHandler' driver.
INFO - 2024-08-17 00:25:25 --> Session: Class initialized using 'CodeIgniter\Session\Handlers\FileHandler' driver.
INFO - 2024-08-17 00:26:06 --> Session: Class initialized using 'CodeIgniter\Session\Handlers\FileHandler' driver.
INFO - 2024-08-17 00:26:42 --> CSRF token verified.
CRITICAL - 2024-08-17 01:02:12 --> ErrorException: fopen(/var/www/public_html/ci4/writable/session/ci_session75069e7581d761c7a857b899dd05308e89a19927): Failed to open stream: Permission denied
[Method: GET, Route: news/new]
in SYSTEMPATH/Session/Handlers/FileHandler.php on line 130.
 1 [internal function]: CodeIgniter\Debug\Exceptions->errorHandler(2, 'fopen(/var/www/public_html/ci4/writable/session/ci_session75069e7581d761c7a857b899dd05308e89a19927): Failed to open stream: Permission denied', '/var/www/public_html/ci4/system/Session/Handlers/FileHandler.php', 130)
 2 SYSTEMPATH/Session/Handlers/FileHandler.php(130): fopen('/var/www/public_html/ci4/writable/session/ci_session75069e7581d761c7a857b899dd05308e89a19927', 'c+b')
 3 [internal function]: CodeIgniter\Session\Handlers\FileHandler->read('75069e7581d761c7a857b899dd05308e89a19927')
 4 SYSTEMPATH/Session/Session.php(920): session_start()
 5 SYSTEMPATH/Session/Session.php(242): CodeIgniter\Session\Session->startSession()
 6 SYSTEMPATH/Config/Services.php(710): CodeIgniter\Session\Session->start()
 7 SYSTEMPATH/Config/BaseService.php(312): CodeIgniter\Config\Services::session(Object(Config\Session), false)
 8 SYSTEMPATH/Config/BaseService.php(251): CodeIgniter\Config\BaseService::__callStatic('session', [...])
 9 SYSTEMPATH/Config/Services.php(668): CodeIgniter\Config\BaseService::getSharedInstance('session', null)
10 SYSTEMPATH/Config/BaseService.php(321): CodeIgniter\Config\Services::session()
11 SYSTEMPATH/Config/BaseService.php(202): CodeIgniter\Config\BaseService::__callStatic('session', [])
12 SYSTEMPATH/Common.php(996): CodeIgniter\Config\BaseService::get('session')
13 SYSTEMPATH/Common.php(969): service('session')
14 APPPATH/Views/news/create.php(3): session()
15 SYSTEMPATH/View/View.php(234): include('/var/www/public_html/ci4/app/Views/news/create.php')
16 SYSTEMPATH/View/View.php(237): CodeIgniter\View\View->CodeIgniter\View\{closure}()
17 SYSTEMPATH/Common.php(1169): CodeIgniter\View\View->render('news/create', [], true)
18 APPPATH/Controllers/News.php(46): view('news/create')
19 SYSTEMPATH/CodeIgniter.php(933): App\Controllers\News->new()
20 SYSTEMPATH/CodeIgniter.php(509): CodeIgniter\CodeIgniter->runController(Object(App\Controllers\News))
21 SYSTEMPATH/CodeIgniter.php(355): CodeIgniter\CodeIgniter->handleRequest(null, Object(Config\Cache), false)
22 SYSTEMPATH/Boot.php(325): CodeIgniter\CodeIgniter->run()
23 SYSTEMPATH/Boot.php(67): CodeIgniter\Boot::runCodeIgniter(Object(CodeIgniter\CodeIgniter))
24 FCPATH/index.php(56): CodeIgniter\Boot::bootWeb(Object(Config\Paths))
INFO - 2024-08-17 01:03:01 --> Session: Class initialized using 'CodeIgniter\Session\Handlers\FileHandler' driver.
CRITICAL - 2024-08-17 01:03:09 --> ErrorException: fopen(/var/www/public_html/ci4/writable/session/ci_session75069e7581d761c7a857b899dd05308e89a19927): Failed to open stream: Permission denied
[Method: GET, Route: news/new]
in SYSTEMPATH/Session/Handlers/FileHandler.php on line 130.
 1 [internal function]: CodeIgniter\Debug\Exceptions->errorHandler(2, 'fopen(/var/www/public_html/ci4/writable/session/ci_session75069e7581d761c7a857b899dd05308e89a19927): Failed to open stream: Permission denied', '/var/www/public_html/ci4/system/Session/Handlers/FileHandler.php', 130)
 2 SYSTEMPATH/Session/Handlers/FileHandler.php(130): fopen('/var/www/public_html/ci4/writable/session/ci_session75069e7581d761c7a857b899dd05308e89a19927', 'c+b')
 3 [internal function]: CodeIgniter\Session\Handlers\FileHandler->read('75069e7581d761c7a857b899dd05308e89a19927')
 4 SYSTEMPATH/Session/Session.php(920): session_start()
 5 SYSTEMPATH/Session/Session.php(242): CodeIgniter\Session\Session->startSession()
 6 SYSTEMPATH/Config/Services.php(710): CodeIgniter\Session\Session->start()
 7 SYSTEMPATH/Config/BaseService.php(312): CodeIgniter\Config\Services::session(Object(Config\Session), false)
 8 SYSTEMPATH/Config/BaseService.php(251): CodeIgniter\Config\BaseService::__callStatic('session', [...])
 9 SYSTEMPATH/Config/Services.php(668): CodeIgniter\Config\BaseService::getSharedInstance('session', null)
10 SYSTEMPATH/Config/BaseService.php(321): CodeIgniter\Config\Services::session()
11 SYSTEMPATH/Config/BaseService.php(202): CodeIgniter\Config\BaseService::__callStatic('session', [])
12 SYSTEMPATH/Common.php(996): CodeIgniter\Config\BaseService::get('session')
13 SYSTEMPATH/Common.php(969): service('session')
14 APPPATH/Views/news/create.php(3): session()
15 SYSTEMPATH/View/View.php(234): include('/var/www/public_html/ci4/app/Views/news/create.php')
16 SYSTEMPATH/View/View.php(237): CodeIgniter\View\View->CodeIgniter\View\{closure}()
17 SYSTEMPATH/Common.php(1169): CodeIgniter\View\View->render('news/create', [], true)
18 APPPATH/Controllers/News.php(46): view('news/create')
19 SYSTEMPATH/CodeIgniter.php(933): App\Controllers\News->new()
20 SYSTEMPATH/CodeIgniter.php(509): CodeIgniter\CodeIgniter->runController(Object(App\Controllers\News))
21 SYSTEMPATH/CodeIgniter.php(355): CodeIgniter\CodeIgniter->handleRequest(null, Object(Config\Cache), false)
22 SYSTEMPATH/Boot.php(325): CodeIgniter\CodeIgniter->run()
23 SYSTEMPATH/Boot.php(67): CodeIgniter\Boot::runCodeIgniter(Object(CodeIgniter\CodeIgniter))
24 FCPATH/index.php(56): CodeIgniter\Boot::bootWeb(Object(Config\Paths))
INFO - 2024-08-17 01:03:22 --> Session: Class initialized using 'CodeIgniter\Session\Handlers\FileHandler' driver.
INFO - 2024-08-17 01:03:23 --> Session: Class initialized using 'CodeIgniter\Session\Handlers\FileHandler' driver.
INFO - 2024-08-17 01:03:39 --> Session: Class initialized using 'CodeIgniter\Session\Handlers\FileHandler' driver.
CRITICAL - 2024-08-17 01:06:01 --> ErrorException: fopen(/var/www/public_html/ci4/writable/session/ci_session75069e7581d761c7a857b899dd05308e89a19927): Failed to open stream: Permission denied
[Method: GET, Route: news/new]
in SYSTEMPATH/Session/Handlers/FileHandler.php on line 130.
 1 [internal function]: CodeIgniter\Debug\Exceptions->errorHandler(2, 'fopen(/var/www/public_html/ci4/writable/session/ci_session75069e7581d761c7a857b899dd05308e89a19927): Failed to open stream: Permission denied', '/var/www/public_html/ci4/system/Session/Handlers/FileHandler.php', 130)
 2 SYSTEMPATH/Session/Handlers/FileHandler.php(130): fopen('/var/www/public_html/ci4/writable/session/ci_session75069e7581d761c7a857b899dd05308e89a19927', 'c+b')
 3 [internal function]: CodeIgniter\Session\Handlers\FileHandler->read('75069e7581d761c7a857b899dd05308e89a19927')
 4 SYSTEMPATH/Session/Session.php(920): session_start()
 5 SYSTEMPATH/Session/Session.php(242): CodeIgniter\Session\Session->startSession()
 6 SYSTEMPATH/Config/Services.php(710): CodeIgniter\Session\Session->start()
 7 SYSTEMPATH/Config/BaseService.php(312): CodeIgniter\Config\Services::session(Object(Config\Session), false)
 8 SYSTEMPATH/Config/BaseService.php(251): CodeIgniter\Config\BaseService::__callStatic('session', [...])
 9 SYSTEMPATH/Config/Services.php(668): CodeIgniter\Config\BaseService::getSharedInstance('session', null)
10 SYSTEMPATH/Config/BaseService.php(321): CodeIgniter\Config\Services::session()
11 SYSTEMPATH/Config/BaseService.php(202): CodeIgniter\Config\BaseService::__callStatic('session', [])
12 SYSTEMPATH/Common.php(996): CodeIgniter\Config\BaseService::get('session')
13 SYSTEMPATH/Common.php(969): service('session')
14 APPPATH/Views/news/create.php(3): session()
15 SYSTEMPATH/View/View.php(234): include('/var/www/public_html/ci4/app/Views/news/create.php')
16 SYSTEMPATH/View/View.php(237): CodeIgniter\View\View->CodeIgniter\View\{closure}()
17 SYSTEMPATH/Common.php(1169): CodeIgniter\View\View->render('news/create', [], true)
18 APPPATH/Controllers/News.php(46): view('news/create')
19 SYSTEMPATH/CodeIgniter.php(933): App\Controllers\News->new()
20 SYSTEMPATH/CodeIgniter.php(509): CodeIgniter\CodeIgniter->runController(Object(App\Controllers\News))
21 SYSTEMPATH/CodeIgniter.php(355): CodeIgniter\CodeIgniter->handleRequest(null, Object(Config\Cache), false)
22 SYSTEMPATH/Boot.php(325): CodeIgniter\CodeIgniter->run()
23 SYSTEMPATH/Boot.php(67): CodeIgniter\Boot::runCodeIgniter(Object(CodeIgniter\CodeIgniter))
24 FCPATH/index.php(56): CodeIgniter\Boot::bootWeb(Object(Config\Paths))
INFO - 2024-08-17 01:06:09 --> Session: Class initialized using 'CodeIgniter\Session\Handlers\FileHandler' driver.
INFO - 2024-08-17 01:06:30 --> Session: Class initialized using 'CodeIgniter\Session\Handlers\FileHandler' driver.
INFO - 2024-08-17 01:09:09 --> Session: Class initialized using 'CodeIgniter\Session\Handlers\FileHandler' driver.
INFO - 2024-08-17 01:09:32 --> CSRF token verified.
INFO - 2024-08-17 01:09:32 --> Session: Class initialized using 'CodeIgniter\Session\Handlers\FileHandler' driver.
INFO - 2024-08-17 01:09:59 --> CSRF token verified.
INFO - 2024-08-17 01:09:59 --> Session: Class initialized using 'CodeIgniter\Session\Handlers\FileHandler' driver.
INFO - 2024-08-17 01:10:08 --> CSRF token verified.
INFO - 2024-08-17 01:10:08 --> Session: Class initialized using 'CodeIgniter\Session\Handlers\FileHandler' driver.
INFO - 2024-08-17 01:10:31 --> CSRF token verified.
INFO - 2024-08-17 01:10:31 --> Session: Class initialized using 'CodeIgniter\Session\Handlers\FileHandler' driver.
INFO - 2024-08-17 01:10:33 --> CSRF token verified.
INFO - 2024-08-17 01:10:33 --> Session: Class initialized using 'CodeIgniter\Session\Handlers\FileHandler' driver.
INFO - 2024-08-17 01:10:37 --> CSRF token verified.
INFO - 2024-08-17 01:10:37 --> Session: Class initialized using 'CodeIgniter\Session\Handlers\FileHandler' driver.
CRITICAL - 2024-08-17 01:11:54 --> CodeIgniter\Security\Exceptions\SecurityException: The action you requested is not allowed.
[Method: POST, Route: news]
in SYSTEMPATH/Security/Security.php on line 262.
 1 SYSTEMPATH/Security/Security.php(262): CodeIgniter\Security\Exceptions\SecurityException::forDisallowedAction()
 2 SYSTEMPATH/Filters/CSRF.php(57): CodeIgniter\Security\Security->verify(Object(CodeIgniter\HTTP\IncomingRequest))
 3 SYSTEMPATH/Filters/Filters.php(203): CodeIgniter\Filters\CSRF->before(Object(CodeIgniter\HTTP\IncomingRequest), null)
 4 SYSTEMPATH/Filters/Filters.php(184): CodeIgniter\Filters\Filters->runBefore([...])
 5 SYSTEMPATH/CodeIgniter.php(481): CodeIgniter\Filters\Filters->run('news', 'before')
 6 SYSTEMPATH/CodeIgniter.php(355): CodeIgniter\CodeIgniter->handleRequest(null, Object(Config\Cache), false)
 7 SYSTEMPATH/Boot.php(325): CodeIgniter\CodeIgniter->run()
 8 SYSTEMPATH/Boot.php(67): CodeIgniter\Boot::runCodeIgniter(Object(CodeIgniter\CodeIgniter))
 9 FCPATH/index.php(56): CodeIgniter\Boot::bootWeb(Object(Config\Paths))
CRITICAL - 2024-08-17 01:12:10 --> CodeIgniter\Security\Exceptions\SecurityException: The action you requested is not allowed.
[Method: POST, Route: news]
in SYSTEMPATH/Security/Security.php on line 262.
 1 SYSTEMPATH/Security/Security.php(262): CodeIgniter\Security\Exceptions\SecurityException::forDisallowedAction()
 2 SYSTEMPATH/Filters/CSRF.php(57): CodeIgniter\Security\Security->verify(Object(CodeIgniter\HTTP\IncomingRequest))
 3 SYSTEMPATH/Filters/Filters.php(203): CodeIgniter\Filters\CSRF->before(Object(CodeIgniter\HTTP\IncomingRequest), null)
 4 SYSTEMPATH/Filters/Filters.php(184): CodeIgniter\Filters\Filters->runBefore([...])
 5 SYSTEMPATH/CodeIgniter.php(481): CodeIgniter\Filters\Filters->run('news', 'before')
 6 SYSTEMPATH/CodeIgniter.php(355): CodeIgniter\CodeIgniter->handleRequest(null, Object(Config\Cache), false)
 7 SYSTEMPATH/Boot.php(325): CodeIgniter\CodeIgniter->run()
 8 SYSTEMPATH/Boot.php(67): CodeIgniter\Boot::runCodeIgniter(Object(CodeIgniter\CodeIgniter))
 9 FCPATH/index.php(56): CodeIgniter\Boot::bootWeb(Object(Config\Paths))
CRITICAL - 2024-08-17 01:12:36 --> ErrorException: fopen(/var/www/public_html/ci4/writable/session/ci_session75069e7581d761c7a857b899dd05308e89a19927): Failed to open stream: Permission denied
[Method: GET, Route: news/new]
in SYSTEMPATH/Session/Handlers/FileHandler.php on line 130.
 1 [internal function]: CodeIgniter\Debug\Exceptions->errorHandler(2, 'fopen(/var/www/public_html/ci4/writable/session/ci_session75069e7581d761c7a857b899dd05308e89a19927): Failed to open stream: Permission denied', '/var/www/public_html/ci4/system/Session/Handlers/FileHandler.php', 130)
 2 SYSTEMPATH/Session/Handlers/FileHandler.php(130): fopen('/var/www/public_html/ci4/writable/session/ci_session75069e7581d761c7a857b899dd05308e89a19927', 'c+b')
 3 [internal function]: CodeIgniter\Session\Handlers\FileHandler->read('75069e7581d761c7a857b899dd05308e89a19927')
 4 SYSTEMPATH/Session/Session.php(920): session_start()
 5 SYSTEMPATH/Session/Session.php(242): CodeIgniter\Session\Session->startSession()
 6 SYSTEMPATH/Config/Services.php(710): CodeIgniter\Session\Session->start()
 7 SYSTEMPATH/Config/BaseService.php(312): CodeIgniter\Config\Services::session(Object(Config\Session), false)
 8 SYSTEMPATH/Config/BaseService.php(251): CodeIgniter\Config\BaseService::__callStatic('session', [...])
 9 SYSTEMPATH/Config/Services.php(668): CodeIgniter\Config\BaseService::getSharedInstance('session', null)
10 SYSTEMPATH/Config/BaseService.php(321): CodeIgniter\Config\Services::session()
11 SYSTEMPATH/Config/BaseService.php(202): CodeIgniter\Config\BaseService::__callStatic('session', [])
12 SYSTEMPATH/Common.php(996): CodeIgniter\Config\BaseService::get('session')
13 SYSTEMPATH/Common.php(969): service('session')
14 APPPATH/Views/news/create.php(3): session()
15 SYSTEMPATH/View/View.php(234): include('/var/www/public_html/ci4/app/Views/news/create.php')
16 SYSTEMPATH/View/View.php(237): CodeIgniter\View\View->CodeIgniter\View\{closure}()
17 SYSTEMPATH/Common.php(1169): CodeIgniter\View\View->render('news/create', [], true)
18 APPPATH/Controllers/News.php(46): view('news/create')
19 SYSTEMPATH/CodeIgniter.php(933): App\Controllers\News->new()
20 SYSTEMPATH/CodeIgniter.php(509): CodeIgniter\CodeIgniter->runController(Object(App\Controllers\News))
21 SYSTEMPATH/CodeIgniter.php(355): CodeIgniter\CodeIgniter->handleRequest(null, Object(Config\Cache), false)
22 SYSTEMPATH/Boot.php(325): CodeIgniter\CodeIgniter->run()
23 SYSTEMPATH/Boot.php(67): CodeIgniter\Boot::runCodeIgniter(Object(CodeIgniter\CodeIgniter))
24 FCPATH/index.php(56): CodeIgniter\Boot::bootWeb(Object(Config\Paths))
CRITICAL - 2024-08-17 01:13:12 --> ErrorException: fopen(/var/www/public_html/ci4/writable/session/ci_session75069e7581d761c7a857b899dd05308e89a19927): Failed to open stream: Permission denied
[Method: GET, Route: news/new]
in SYSTEMPATH/Session/Handlers/FileHandler.php on line 130.
 1 [internal function]: CodeIgniter\Debug\Exceptions->errorHandler(2, 'fopen(/var/www/public_html/ci4/writable/session/ci_session75069e7581d761c7a857b899dd05308e89a19927): Failed to open stream: Permission denied', '/var/www/public_html/ci4/system/Session/Handlers/FileHandler.php', 130)
 2 SYSTEMPATH/Session/Handlers/FileHandler.php(130): fopen('/var/www/public_html/ci4/writable/session/ci_session75069e7581d761c7a857b899dd05308e89a19927', 'c+b')
 3 [internal function]: CodeIgniter\Session\Handlers\FileHandler->read('75069e7581d761c7a857b899dd05308e89a19927')
 4 SYSTEMPATH/Session/Session.php(920): session_start()
 5 SYSTEMPATH/Session/Session.php(242): CodeIgniter\Session\Session->startSession()
 6 SYSTEMPATH/Config/Services.php(710): CodeIgniter\Session\Session->start()
 7 SYSTEMPATH/Config/BaseService.php(312): CodeIgniter\Config\Services::session(Object(Config\Session), false)
 8 SYSTEMPATH/Config/BaseService.php(251): CodeIgniter\Config\BaseService::__callStatic('session', [...])
 9 SYSTEMPATH/Config/Services.php(668): CodeIgniter\Config\BaseService::getSharedInstance('session', null)
10 SYSTEMPATH/Config/BaseService.php(321): CodeIgniter\Config\Services::session()
11 SYSTEMPATH/Config/BaseService.php(202): CodeIgniter\Config\BaseService::__callStatic('session', [])
12 SYSTEMPATH/Common.php(996): CodeIgniter\Config\BaseService::get('session')
13 SYSTEMPATH/Common.php(969): service('session')
14 APPPATH/Views/news/create.php(3): session()
15 SYSTEMPATH/View/View.php(234): include('/var/www/public_html/ci4/app/Views/news/create.php')
16 SYSTEMPATH/View/View.php(237): CodeIgniter\View\View->CodeIgniter\View\{closure}()
17 SYSTEMPATH/Common.php(1169): CodeIgniter\View\View->render('news/create', [], true)
18 APPPATH/Controllers/News.php(46): view('news/create')
19 SYSTEMPATH/CodeIgniter.php(933): App\Controllers\News->new()
20 SYSTEMPATH/CodeIgniter.php(509): CodeIgniter\CodeIgniter->runController(Object(App\Controllers\News))
21 SYSTEMPATH/CodeIgniter.php(355): CodeIgniter\CodeIgniter->handleRequest(null, Object(Config\Cache), false)
22 SYSTEMPATH/Boot.php(325): CodeIgniter\CodeIgniter->run()
23 SYSTEMPATH/Boot.php(67): CodeIgniter\Boot::runCodeIgniter(Object(CodeIgniter\CodeIgniter))
24 FCPATH/index.php(56): CodeIgniter\Boot::bootWeb(Object(Config\Paths))
CRITICAL - 2024-08-17 01:15:44 --> ErrorException: fopen(/var/www/public_html/ci4/writable/session/ci_session75069e7581d761c7a857b899dd05308e89a19927): Failed to open stream: Permission denied
[Method: GET, Route: news/new]
in SYSTEMPATH/Session/Handlers/FileHandler.php on line 130.
 1 [internal function]: CodeIgniter\Debug\Exceptions->errorHandler(2, 'fopen(/var/www/public_html/ci4/writable/session/ci_session75069e7581d761c7a857b899dd05308e89a19927): Failed to open stream: Permission denied', '/var/www/public_html/ci4/system/Session/Handlers/FileHandler.php', 130)
 2 SYSTEMPATH/Session/Handlers/FileHandler.php(130): fopen('/var/www/public_html/ci4/writable/session/ci_session75069e7581d761c7a857b899dd05308e89a19927', 'c+b')
 3 [internal function]: CodeIgniter\Session\Handlers\FileHandler->read('75069e7581d761c7a857b899dd05308e89a19927')
 4 SYSTEMPATH/Session/Session.php(920): session_start()
 5 SYSTEMPATH/Session/Session.php(242): CodeIgniter\Session\Session->startSession()
 6 SYSTEMPATH/Config/Services.php(710): CodeIgniter\Session\Session->start()
 7 SYSTEMPATH/Config/BaseService.php(312): CodeIgniter\Config\Services::session(Object(Config\Session), false)
 8 SYSTEMPATH/Config/BaseService.php(251): CodeIgniter\Config\BaseService::__callStatic('session', [...])
 9 SYSTEMPATH/Config/Services.php(668): CodeIgniter\Config\BaseService::getSharedInstance('session', null)
10 SYSTEMPATH/Config/BaseService.php(321): CodeIgniter\Config\Services::session()
11 SYSTEMPATH/Config/BaseService.php(202): CodeIgniter\Config\BaseService::__callStatic('session', [])
12 SYSTEMPATH/Common.php(996): CodeIgniter\Config\BaseService::get('session')
13 SYSTEMPATH/Common.php(969): service('session')
14 APPPATH/Views/news/create.php(3): session()
15 SYSTEMPATH/View/View.php(234): include('/var/www/public_html/ci4/app/Views/news/create.php')
16 SYSTEMPATH/View/View.php(237): CodeIgniter\View\View->CodeIgniter\View\{closure}()
17 SYSTEMPATH/Common.php(1169): CodeIgniter\View\View->render('news/create', [], true)
18 APPPATH/Controllers/News.php(46): view('news/create')
19 SYSTEMPATH/CodeIgniter.php(933): App\Controllers\News->new()
20 SYSTEMPATH/CodeIgniter.php(509): CodeIgniter\CodeIgniter->runController(Object(App\Controllers\News))
21 SYSTEMPATH/CodeIgniter.php(355): CodeIgniter\CodeIgniter->handleRequest(null, Object(Config\Cache), false)
22 SYSTEMPATH/Boot.php(325): CodeIgniter\CodeIgniter->run()
23 SYSTEMPATH/Boot.php(67): CodeIgniter\Boot::runCodeIgniter(Object(CodeIgniter\CodeIgniter))
24 FCPATH/index.php(56): CodeIgniter\Boot::bootWeb(Object(Config\Paths))
CRITICAL - 2024-08-17 01:20:03 --> ErrorException: fopen(/var/www/public_html/ci4/writable/session/ci_session75069e7581d761c7a857b899dd05308e89a19927): Failed to open stream: Permission denied
[Method: GET, Route: news/new]
in SYSTEMPATH/Session/Handlers/FileHandler.php on line 130.
 1 [internal function]: CodeIgniter\Debug\Exceptions->errorHandler(2, 'fopen(/var/www/public_html/ci4/writable/session/ci_session75069e7581d761c7a857b899dd05308e89a19927): Failed to open stream: Permission denied', '/var/www/public_html/ci4/system/Session/Handlers/FileHandler.php', 130)
 2 SYSTEMPATH/Session/Handlers/FileHandler.php(130): fopen('/var/www/public_html/ci4/writable/session/ci_session75069e7581d761c7a857b899dd05308e89a19927', 'c+b')
 3 [internal function]: CodeIgniter\Session\Handlers\FileHandler->read('75069e7581d761c7a857b899dd05308e89a19927')
 4 SYSTEMPATH/Session/Session.php(920): session_start()
 5 SYSTEMPATH/Session/Session.php(242): CodeIgniter\Session\Session->startSession()
 6 SYSTEMPATH/Config/Services.php(710): CodeIgniter\Session\Session->start()
 7 SYSTEMPATH/Config/BaseService.php(312): CodeIgniter\Config\Services::session(Object(Config\Session), false)
 8 SYSTEMPATH/Config/BaseService.php(251): CodeIgniter\Config\BaseService::__callStatic('session', [...])
 9 SYSTEMPATH/Config/Services.php(668): CodeIgniter\Config\BaseService::getSharedInstance('session', null)
10 SYSTEMPATH/Config/BaseService.php(321): CodeIgniter\Config\Services::session()
11 SYSTEMPATH/Config/BaseService.php(202): CodeIgniter\Config\BaseService::__callStatic('session', [])
12 SYSTEMPATH/Common.php(996): CodeIgniter\Config\BaseService::get('session')
13 SYSTEMPATH/Common.php(969): service('session')
14 APPPATH/Views/news/create.php(3): session()
15 SYSTEMPATH/View/View.php(234): include('/var/www/public_html/ci4/app/Views/news/create.php')
16 SYSTEMPATH/View/View.php(237): CodeIgniter\View\View->CodeIgniter\View\{closure}()
17 SYSTEMPATH/Common.php(1169): CodeIgniter\View\View->render('news/create', [], true)
18 APPPATH/Controllers/News.php(46): view('news/create')
19 SYSTEMPATH/CodeIgniter.php(933): App\Controllers\News->new()
20 SYSTEMPATH/CodeIgniter.php(509): CodeIgniter\CodeIgniter->runController(Object(App\Controllers\News))
21 SYSTEMPATH/CodeIgniter.php(355): CodeIgniter\CodeIgniter->handleRequest(null, Object(Config\Cache), false)
22 SYSTEMPATH/Boot.php(325): CodeIgniter\CodeIgniter->run()
23 SYSTEMPATH/Boot.php(67): CodeIgniter\Boot::runCodeIgniter(Object(CodeIgniter\CodeIgniter))
24 FCPATH/index.php(56): CodeIgniter\Boot::bootWeb(Object(Config\Paths))
CRITICAL - 2024-08-17 01:30:58 --> ErrorException: fopen(/var/www/public_html/ci4/writable/session/ci_session75069e7581d761c7a857b899dd05308e89a19927): Failed to open stream: Permission denied
[Method: GET, Route: news/new]
in SYSTEMPATH/Session/Handlers/FileHandler.php on line 130.
 1 [internal function]: CodeIgniter\Debug\Exceptions->errorHandler(2, 'fopen(/var/www/public_html/ci4/writable/session/ci_session75069e7581d761c7a857b899dd05308e89a19927): Failed to open stream: Permission denied', '/var/www/public_html/ci4/system/Session/Handlers/FileHandler.php', 130)
 2 SYSTEMPATH/Session/Handlers/FileHandler.php(130): fopen('/var/www/public_html/ci4/writable/session/ci_session75069e7581d761c7a857b899dd05308e89a19927', 'c+b')
 3 [internal function]: CodeIgniter\Session\Handlers\FileHandler->read('75069e7581d761c7a857b899dd05308e89a19927')
 4 SYSTEMPATH/Session/Session.php(920): session_start()
 5 SYSTEMPATH/Session/Session.php(242): CodeIgniter\Session\Session->startSession()
 6 SYSTEMPATH/Config/Services.php(710): CodeIgniter\Session\Session->start()
 7 SYSTEMPATH/Config/BaseService.php(312): CodeIgniter\Config\Services::session(Object(Config\Session), false)
 8 SYSTEMPATH/Config/BaseService.php(251): CodeIgniter\Config\BaseService::__callStatic('session', [...])
 9 SYSTEMPATH/Config/Services.php(668): CodeIgniter\Config\BaseService::getSharedInstance('session', null)
10 SYSTEMPATH/Config/BaseService.php(321): CodeIgniter\Config\Services::session()
11 SYSTEMPATH/Config/BaseService.php(202): CodeIgniter\Config\BaseService::__callStatic('session', [])
12 SYSTEMPATH/Common.php(996): CodeIgniter\Config\BaseService::get('session')
13 SYSTEMPATH/Common.php(969): service('session')
14 APPPATH/Views/news/create.php(3): session()
15 SYSTEMPATH/View/View.php(234): include('/var/www/public_html/ci4/app/Views/news/create.php')
16 SYSTEMPATH/View/View.php(237): CodeIgniter\View\View->CodeIgniter\View\{closure}()
17 SYSTEMPATH/Common.php(1169): CodeIgniter\View\View->render('news/create', [], true)
18 APPPATH/Controllers/News.php(46): view('news/create')
19 SYSTEMPATH/CodeIgniter.php(933): App\Controllers\News->new()
20 SYSTEMPATH/CodeIgniter.php(509): CodeIgniter\CodeIgniter->runController(Object(App\Controllers\News))
21 SYSTEMPATH/CodeIgniter.php(355): CodeIgniter\CodeIgniter->handleRequest(null, Object(Config\Cache), false)
22 SYSTEMPATH/Boot.php(325): CodeIgniter\CodeIgniter->run()
23 SYSTEMPATH/Boot.php(67): CodeIgniter\Boot::runCodeIgniter(Object(CodeIgniter\CodeIgniter))
24 FCPATH/index.php(56): CodeIgniter\Boot::bootWeb(Object(Config\Paths))
CRITICAL - 2024-08-17 01:31:03 --> ErrorException: fopen(/var/www/public_html/ci4/writable/session/ci_session75069e7581d761c7a857b899dd05308e89a19927): Failed to open stream: Permission denied
[Method: GET, Route: news/new]
in SYSTEMPATH/Session/Handlers/FileHandler.php on line 130.
 1 [internal function]: CodeIgniter\Debug\Exceptions->errorHandler(2, 'fopen(/var/www/public_html/ci4/writable/session/ci_session75069e7581d761c7a857b899dd05308e89a19927): Failed to open stream: Permission denied', '/var/www/public_html/ci4/system/Session/Handlers/FileHandler.php', 130)
 2 SYSTEMPATH/Session/Handlers/FileHandler.php(130): fopen('/var/www/public_html/ci4/writable/session/ci_session75069e7581d761c7a857b899dd05308e89a19927', 'c+b')
 3 [internal function]: CodeIgniter\Session\Handlers\FileHandler->read('75069e7581d761c7a857b899dd05308e89a19927')
 4 SYSTEMPATH/Session/Session.php(920): session_start()
 5 SYSTEMPATH/Session/Session.php(242): CodeIgniter\Session\Session->startSession()
 6 SYSTEMPATH/Config/Services.php(710): CodeIgniter\Session\Session->start()
 7 SYSTEMPATH/Config/BaseService.php(312): CodeIgniter\Config\Services::session(Object(Config\Session), false)
 8 SYSTEMPATH/Config/BaseService.php(251): CodeIgniter\Config\BaseService::__callStatic('session', [...])
 9 SYSTEMPATH/Config/Services.php(668): CodeIgniter\Config\BaseService::getSharedInstance('session', null)
10 SYSTEMPATH/Config/BaseService.php(321): CodeIgniter\Config\Services::session()
11 SYSTEMPATH/Config/BaseService.php(202): CodeIgniter\Config\BaseService::__callStatic('session', [])
12 SYSTEMPATH/Common.php(996): CodeIgniter\Config\BaseService::get('session')
13 SYSTEMPATH/Common.php(969): service('session')
14 APPPATH/Views/news/create.php(3): session()
15 SYSTEMPATH/View/View.php(234): include('/var/www/public_html/ci4/app/Views/news/create.php')
16 SYSTEMPATH/View/View.php(237): CodeIgniter\View\View->CodeIgniter\View\{closure}()
17 SYSTEMPATH/Common.php(1169): CodeIgniter\View\View->render('news/create', [], true)
18 APPPATH/Controllers/News.php(46): view('news/create')
19 SYSTEMPATH/CodeIgniter.php(933): App\Controllers\News->new()
20 SYSTEMPATH/CodeIgniter.php(509): CodeIgniter\CodeIgniter->runController(Object(App\Controllers\News))
21 SYSTEMPATH/CodeIgniter.php(355): CodeIgniter\CodeIgniter->handleRequest(null, Object(Config\Cache), false)
22 SYSTEMPATH/Boot.php(325): CodeIgniter\CodeIgniter->run()
23 SYSTEMPATH/Boot.php(67): CodeIgniter\Boot::runCodeIgniter(Object(CodeIgniter\CodeIgniter))
24 FCPATH/index.php(56): CodeIgniter\Boot::bootWeb(Object(Config\Paths))
CRITICAL - 2024-08-17 01:31:47 --> ErrorException: fopen(/var/www/public_html/ci4/writable/session/ci_session75069e7581d761c7a857b899dd05308e89a19927): Failed to open stream: Permission denied
[Method: GET, Route: news/new]
in SYSTEMPATH/Session/Handlers/FileHandler.php on line 130.
 1 [internal function]: CodeIgniter\Debug\Exceptions->errorHandler(2, 'fopen(/var/www/public_html/ci4/writable/session/ci_session75069e7581d761c7a857b899dd05308e89a19927): Failed to open stream: Permission denied', '/var/www/public_html/ci4/system/Session/Handlers/FileHandler.php', 130)
 2 SYSTEMPATH/Session/Handlers/FileHandler.php(130): fopen('/var/www/public_html/ci4/writable/session/ci_session75069e7581d761c7a857b899dd05308e89a19927', 'c+b')
 3 [internal function]: CodeIgniter\Session\Handlers\FileHandler->read('75069e7581d761c7a857b899dd05308e89a19927')
 4 SYSTEMPATH/Session/Session.php(920): session_start()
 5 SYSTEMPATH/Session/Session.php(242): CodeIgniter\Session\Session->startSession()
 6 SYSTEMPATH/Config/Services.php(710): CodeIgniter\Session\Session->start()
 7 SYSTEMPATH/Config/BaseService.php(312): CodeIgniter\Config\Services::session(Object(Config\Session), false)
 8 SYSTEMPATH/Config/BaseService.php(251): CodeIgniter\Config\BaseService::__callStatic('session', [...])
 9 SYSTEMPATH/Config/Services.php(668): CodeIgniter\Config\BaseService::getSharedInstance('session', null)
10 SYSTEMPATH/Config/BaseService.php(321): CodeIgniter\Config\Services::session()
11 SYSTEMPATH/Config/BaseService.php(202): CodeIgniter\Config\BaseService::__callStatic('session', [])
12 SYSTEMPATH/Common.php(996): CodeIgniter\Config\BaseService::get('session')
13 SYSTEMPATH/Common.php(969): service('session')
14 APPPATH/Views/news/create.php(3): session()
15 SYSTEMPATH/View/View.php(234): include('/var/www/public_html/ci4/app/Views/news/create.php')
16 SYSTEMPATH/View/View.php(237): CodeIgniter\View\View->CodeIgniter\View\{closure}()
17 SYSTEMPATH/Common.php(1169): CodeIgniter\View\View->render('news/create', [], true)
18 APPPATH/Controllers/News.php(46): view('news/create')
19 SYSTEMPATH/CodeIgniter.php(933): App\Controllers\News->new()
20 SYSTEMPATH/CodeIgniter.php(509): CodeIgniter\CodeIgniter->runController(Object(App\Controllers\News))
21 SYSTEMPATH/CodeIgniter.php(355): CodeIgniter\CodeIgniter->handleRequest(null, Object(Config\Cache), false)
22 SYSTEMPATH/Boot.php(325): CodeIgniter\CodeIgniter->run()
23 SYSTEMPATH/Boot.php(67): CodeIgniter\Boot::runCodeIgniter(Object(CodeIgniter\CodeIgniter))
24 FCPATH/index.php(56): CodeIgniter\Boot::bootWeb(Object(Config\Paths))
CRITICAL - 2024-08-17 01:32:05 --> ErrorException: fopen(/var/www/public_html/ci4/writable/session/ci_session75069e7581d761c7a857b899dd05308e89a19927): Failed to open stream: Permission denied
[Method: GET, Route: news/new]
in SYSTEMPATH/Session/Handlers/FileHandler.php on line 130.
 1 [internal function]: CodeIgniter\Debug\Exceptions->errorHandler(2, 'fopen(/var/www/public_html/ci4/writable/session/ci_session75069e7581d761c7a857b899dd05308e89a19927): Failed to open stream: Permission denied', '/var/www/public_html/ci4/system/Session/Handlers/FileHandler.php', 130)
 2 SYSTEMPATH/Session/Handlers/FileHandler.php(130): fopen('/var/www/public_html/ci4/writable/session/ci_session75069e7581d761c7a857b899dd05308e89a19927', 'c+b')
 3 [internal function]: CodeIgniter\Session\Handlers\FileHandler->read('75069e7581d761c7a857b899dd05308e89a19927')
 4 SYSTEMPATH/Session/Session.php(920): session_start()
 5 SYSTEMPATH/Session/Session.php(242): CodeIgniter\Session\Session->startSession()
 6 SYSTEMPATH/Config/Services.php(710): CodeIgniter\Session\Session->start()
 7 SYSTEMPATH/Config/BaseService.php(312): CodeIgniter\Config\Services::session(Object(Config\Session), false)
 8 SYSTEMPATH/Config/BaseService.php(251): CodeIgniter\Config\BaseService::__callStatic('session', [...])
 9 SYSTEMPATH/Config/Services.php(668): CodeIgniter\Config\BaseService::getSharedInstance('session', null)
10 SYSTEMPATH/Config/BaseService.php(321): CodeIgniter\Config\Services::session()
11 SYSTEMPATH/Config/BaseService.php(202): CodeIgniter\Config\BaseService::__callStatic('session', [])
12 SYSTEMPATH/Common.php(996): CodeIgniter\Config\BaseService::get('session')
13 SYSTEMPATH/Common.php(969): service('session')
14 APPPATH/Views/news/create.php(3): session()
15 SYSTEMPATH/View/View.php(234): include('/var/www/public_html/ci4/app/Views/news/create.php')
16 SYSTEMPATH/View/View.php(237): CodeIgniter\View\View->CodeIgniter\View\{closure}()
17 SYSTEMPATH/Common.php(1169): CodeIgniter\View\View->render('news/create', [], true)
18 APPPATH/Controllers/News.php(46): view('news/create')
19 SYSTEMPATH/CodeIgniter.php(933): App\Controllers\News->new()
20 SYSTEMPATH/CodeIgniter.php(509): CodeIgniter\CodeIgniter->runController(Object(App\Controllers\News))
21 SYSTEMPATH/CodeIgniter.php(355): CodeIgniter\CodeIgniter->handleRequest(null, Object(Config\Cache), false)
22 SYSTEMPATH/Boot.php(325): CodeIgniter\CodeIgniter->run()
23 SYSTEMPATH/Boot.php(67): CodeIgniter\Boot::runCodeIgniter(Object(CodeIgniter\CodeIgniter))
24 FCPATH/index.php(56): CodeIgniter\Boot::bootWeb(Object(Config\Paths))
CRITICAL - 2024-08-17 01:36:49 --> ErrorException: fopen(/var/www/public_html/ci4/writable/session/ci_session75069e7581d761c7a857b899dd05308e89a19927): Failed to open stream: Permission denied
[Method: GET, Route: news/new]
in SYSTEMPATH/Session/Handlers/FileHandler.php on line 130.
 1 [internal function]: CodeIgniter\Debug\Exceptions->errorHandler(2, 'fopen(/var/www/public_html/ci4/writable/session/ci_session75069e7581d761c7a857b899dd05308e89a19927): Failed to open stream: Permission denied', '/var/www/public_html/ci4/system/Session/Handlers/FileHandler.php', 130)
 2 SYSTEMPATH/Session/Handlers/FileHandler.php(130): fopen('/var/www/public_html/ci4/writable/session/ci_session75069e7581d761c7a857b899dd05308e89a19927', 'c+b')
 3 [internal function]: CodeIgniter\Session\Handlers\FileHandler->read('75069e7581d761c7a857b899dd05308e89a19927')
 4 SYSTEMPATH/Session/Session.php(920): session_start()
 5 SYSTEMPATH/Session/Session.php(242): CodeIgniter\Session\Session->startSession()
 6 SYSTEMPATH/Config/Services.php(710): CodeIgniter\Session\Session->start()
 7 SYSTEMPATH/Config/BaseService.php(312): CodeIgniter\Config\Services::session(Object(Config\Session), false)
 8 SYSTEMPATH/Config/BaseService.php(251): CodeIgniter\Config\BaseService::__callStatic('session', [...])
 9 SYSTEMPATH/Config/Services.php(668): CodeIgniter\Config\BaseService::getSharedInstance('session', null)
10 SYSTEMPATH/Config/BaseService.php(321): CodeIgniter\Config\Services::session()
11 SYSTEMPATH/Config/BaseService.php(202): CodeIgniter\Config\BaseService::__callStatic('session', [])
12 SYSTEMPATH/Common.php(996): CodeIgniter\Config\BaseService::get('session')
13 SYSTEMPATH/Common.php(969): service('session')
14 APPPATH/Views/news/create.php(3): session()
15 SYSTEMPATH/View/View.php(234): include('/var/www/public_html/ci4/app/Views/news/create.php')
16 SYSTEMPATH/View/View.php(237): CodeIgniter\View\View->CodeIgniter\View\{closure}()
17 SYSTEMPATH/Common.php(1169): CodeIgniter\View\View->render('news/create', [], true)
18 APPPATH/Controllers/News.php(46): view('news/create')
19 SYSTEMPATH/CodeIgniter.php(933): App\Controllers\News->new()
20 SYSTEMPATH/CodeIgniter.php(509): CodeIgniter\CodeIgniter->runController(Object(App\Controllers\News))
21 SYSTEMPATH/CodeIgniter.php(355): CodeIgniter\CodeIgniter->handleRequest(null, Object(Config\Cache), false)
22 SYSTEMPATH/Boot.php(325): CodeIgniter\CodeIgniter->run()
23 SYSTEMPATH/Boot.php(67): CodeIgniter\Boot::runCodeIgniter(Object(CodeIgniter\CodeIgniter))
24 FCPATH/index.php(56): CodeIgniter\Boot::bootWeb(Object(Config\Paths))
CRITICAL - 2024-08-17 01:37:47 --> ErrorException: fopen(/var/www/public_html/ci4/writable/session/ci_session75069e7581d761c7a857b899dd05308e89a19927): Failed to open stream: Permission denied
[Method: GET, Route: news/new]
in SYSTEMPATH/Session/Handlers/FileHandler.php on line 130.
 1 [internal function]: CodeIgniter\Debug\Exceptions->errorHandler(2, 'fopen(/var/www/public_html/ci4/writable/session/ci_session75069e7581d761c7a857b899dd05308e89a19927): Failed to open stream: Permission denied', '/var/www/public_html/ci4/system/Session/Handlers/FileHandler.php', 130)
 2 SYSTEMPATH/Session/Handlers/FileHandler.php(130): fopen('/var/www/public_html/ci4/writable/session/ci_session75069e7581d761c7a857b899dd05308e89a19927', 'c+b')
 3 [internal function]: CodeIgniter\Session\Handlers\FileHandler->read('75069e7581d761c7a857b899dd05308e89a19927')
 4 SYSTEMPATH/Session/Session.php(920): session_start()
 5 SYSTEMPATH/Session/Session.php(242): CodeIgniter\Session\Session->startSession()
 6 SYSTEMPATH/Config/Services.php(710): CodeIgniter\Session\Session->start()
 7 SYSTEMPATH/Config/BaseService.php(312): CodeIgniter\Config\Services::session(Object(Config\Session), false)
 8 SYSTEMPATH/Config/BaseService.php(251): CodeIgniter\Config\BaseService::__callStatic('session', [...])
 9 SYSTEMPATH/Config/Services.php(668): CodeIgniter\Config\BaseService::getSharedInstance('session', null)
10 SYSTEMPATH/Config/BaseService.php(321): CodeIgniter\Config\Services::session()
11 SYSTEMPATH/Config/BaseService.php(202): CodeIgniter\Config\BaseService::__callStatic('session', [])
12 SYSTEMPATH/Common.php(996): CodeIgniter\Config\BaseService::get('session')
13 SYSTEMPATH/Common.php(969): service('session')
14 APPPATH/Views/news/create.php(3): session()
15 SYSTEMPATH/View/View.php(234): include('/var/www/public_html/ci4/app/Views/news/create.php')
16 SYSTEMPATH/View/View.php(237): CodeIgniter\View\View->CodeIgniter\View\{closure}()
17 SYSTEMPATH/Common.php(1169): CodeIgniter\View\View->render('news/create', [], true)
18 APPPATH/Controllers/News.php(46): view('news/create')
19 SYSTEMPATH/CodeIgniter.php(933): App\Controllers\News->new()
20 SYSTEMPATH/CodeIgniter.php(509): CodeIgniter\CodeIgniter->runController(Object(App\Controllers\News))
21 SYSTEMPATH/CodeIgniter.php(355): CodeIgniter\CodeIgniter->handleRequest(null, Object(Config\Cache), false)
22 SYSTEMPATH/Boot.php(325): CodeIgniter\CodeIgniter->run()
23 SYSTEMPATH/Boot.php(67): CodeIgniter\Boot::runCodeIgniter(Object(CodeIgniter\CodeIgniter))
24 FCPATH/index.php(56): CodeIgniter\Boot::bootWeb(Object(Config\Paths))
CRITICAL - 2024-08-17 01:40:12 --> ErrorException: fopen(/var/www/public_html/ci4/writable/session/ci_session75069e7581d761c7a857b899dd05308e89a19927): Failed to open stream: Permission denied
[Method: GET, Route: news/new]
in SYSTEMPATH/Session/Handlers/FileHandler.php on line 130.
 1 [internal function]: CodeIgniter\Debug\Exceptions->errorHandler(2, 'fopen(/var/www/public_html/ci4/writable/session/ci_session75069e7581d761c7a857b899dd05308e89a19927): Failed to open stream: Permission denied', '/var/www/public_html/ci4/system/Session/Handlers/FileHandler.php', 130)
 2 SYSTEMPATH/Session/Handlers/FileHandler.php(130): fopen('/var/www/public_html/ci4/writable/session/ci_session75069e7581d761c7a857b899dd05308e89a19927', 'c+b')
 3 [internal function]: CodeIgniter\Session\Handlers\FileHandler->read('75069e7581d761c7a857b899dd05308e89a19927')
 4 SYSTEMPATH/Session/Session.php(920): session_start()
 5 SYSTEMPATH/Session/Session.php(242): CodeIgniter\Session\Session->startSession()
 6 SYSTEMPATH/Config/Services.php(710): CodeIgniter\Session\Session->start()
 7 SYSTEMPATH/Config/BaseService.php(312): CodeIgniter\Config\Services::session(Object(Config\Session), false)
 8 SYSTEMPATH/Config/BaseService.php(251): CodeIgniter\Config\BaseService::__callStatic('session', [...])
 9 SYSTEMPATH/Config/Services.php(668): CodeIgniter\Config\BaseService::getSharedInstance('session', null)
10 SYSTEMPATH/Config/BaseService.php(321): CodeIgniter\Config\Services::session()
11 SYSTEMPATH/Config/BaseService.php(202): CodeIgniter\Config\BaseService::__callStatic('session', [])
12 SYSTEMPATH/Common.php(996): CodeIgniter\Config\BaseService::get('session')
13 SYSTEMPATH/Common.php(969): service('session')
14 APPPATH/Views/news/create.php(3): session()
15 SYSTEMPATH/View/View.php(234): include('/var/www/public_html/ci4/app/Views/news/create.php')
16 SYSTEMPATH/View/View.php(237): CodeIgniter\View\View->CodeIgniter\View\{closure}()
17 SYSTEMPATH/Common.php(1169): CodeIgniter\View\View->render('news/create', [], true)
18 APPPATH/Controllers/News.php(46): view('news/create')
19 SYSTEMPATH/CodeIgniter.php(933): App\Controllers\News->new()
20 SYSTEMPATH/CodeIgniter.php(509): CodeIgniter\CodeIgniter->runController(Object(App\Controllers\News))
21 SYSTEMPATH/CodeIgniter.php(355): CodeIgniter\CodeIgniter->handleRequest(null, Object(Config\Cache), false)
22 SYSTEMPATH/Boot.php(325): CodeIgniter\CodeIgniter->run()
23 SYSTEMPATH/Boot.php(67): CodeIgniter\Boot::runCodeIgniter(Object(CodeIgniter\CodeIgniter))
24 FCPATH/index.php(56): CodeIgniter\Boot::bootWeb(Object(Config\Paths))
CRITICAL - 2024-08-17 01:42:38 --> ErrorException: fopen(/var/www/public_html/ci4/writable/session/ci_session75069e7581d761c7a857b899dd05308e89a19927): Failed to open stream: Permission denied
[Method: GET, Route: news/new]
in SYSTEMPATH/Session/Handlers/FileHandler.php on line 130.
 1 [internal function]: CodeIgniter\Debug\Exceptions->errorHandler(2, 'fopen(/var/www/public_html/ci4/writable/session/ci_session75069e7581d761c7a857b899dd05308e89a19927): Failed to open stream: Permission denied', '/var/www/public_html/ci4/system/Session/Handlers/FileHandler.php', 130)
 2 SYSTEMPATH/Session/Handlers/FileHandler.php(130): fopen('/var/www/public_html/ci4/writable/session/ci_session75069e7581d761c7a857b899dd05308e89a19927', 'c+b')
 3 [internal function]: CodeIgniter\Session\Handlers\FileHandler->read('75069e7581d761c7a857b899dd05308e89a19927')
 4 SYSTEMPATH/Session/Session.php(920): session_start()
 5 SYSTEMPATH/Session/Session.php(242): CodeIgniter\Session\Session->startSession()
 6 SYSTEMPATH/Config/Services.php(710): CodeIgniter\Session\Session->start()
 7 SYSTEMPATH/Config/BaseService.php(312): CodeIgniter\Config\Services::session(Object(Config\Session), false)
 8 SYSTEMPATH/Config/BaseService.php(251): CodeIgniter\Config\BaseService::__callStatic('session', [...])
 9 SYSTEMPATH/Config/Services.php(668): CodeIgniter\Config\BaseService::getSharedInstance('session', null)
10 SYSTEMPATH/Config/BaseService.php(321): CodeIgniter\Config\Services::session()
11 SYSTEMPATH/Config/BaseService.php(202): CodeIgniter\Config\BaseService::__callStatic('session', [])
12 SYSTEMPATH/Common.php(996): CodeIgniter\Config\BaseService::get('session')
13 SYSTEMPATH/Common.php(969): service('session')
14 APPPATH/Views/news/create.php(3): session()
15 SYSTEMPATH/View/View.php(234): include('/var/www/public_html/ci4/app/Views/news/create.php')
16 SYSTEMPATH/View/View.php(237): CodeIgniter\View\View->CodeIgniter\View\{closure}()
17 SYSTEMPATH/Common.php(1169): CodeIgniter\View\View->render('news/create', [], true)
18 APPPATH/Controllers/News.php(46): view('news/create')
19 SYSTEMPATH/CodeIgniter.php(933): App\Controllers\News->new()
20 SYSTEMPATH/CodeIgniter.php(509): CodeIgniter\CodeIgniter->runController(Object(App\Controllers\News))
21 SYSTEMPATH/CodeIgniter.php(355): CodeIgniter\CodeIgniter->handleRequest(null, Object(Config\Cache), false)
22 SYSTEMPATH/Boot.php(325): CodeIgniter\CodeIgniter->run()
23 SYSTEMPATH/Boot.php(67): CodeIgniter\Boot::runCodeIgniter(Object(CodeIgniter\CodeIgniter))
24 FCPATH/index.php(56): CodeIgniter\Boot::bootWeb(Object(Config\Paths))
CRITICAL - 2024-08-17 01:43:27 --> ErrorException: fopen(/var/www/public_html/ci4/writable/session/ci_session75069e7581d761c7a857b899dd05308e89a19927): Failed to open stream: Permission denied
[Method: GET, Route: news/new]
in SYSTEMPATH/Session/Handlers/FileHandler.php on line 130.
 1 [internal function]: CodeIgniter\Debug\Exceptions->errorHandler(2, 'fopen(/var/www/public_html/ci4/writable/session/ci_session75069e7581d761c7a857b899dd05308e89a19927): Failed to open stream: Permission denied', '/var/www/public_html/ci4/system/Session/Handlers/FileHandler.php', 130)
 2 SYSTEMPATH/Session/Handlers/FileHandler.php(130): fopen('/var/www/public_html/ci4/writable/session/ci_session75069e7581d761c7a857b899dd05308e89a19927', 'c+b')
 3 [internal function]: CodeIgniter\Session\Handlers\FileHandler->read('75069e7581d761c7a857b899dd05308e89a19927')
 4 SYSTEMPATH/Session/Session.php(920): session_start()
 5 SYSTEMPATH/Session/Session.php(242): CodeIgniter\Session\Session->startSession()
 6 SYSTEMPATH/Config/Services.php(710): CodeIgniter\Session\Session->start()
 7 SYSTEMPATH/Config/BaseService.php(312): CodeIgniter\Config\Services::session(Object(Config\Session), false)
 8 SYSTEMPATH/Config/BaseService.php(251): CodeIgniter\Config\BaseService::__callStatic('session', [...])
 9 SYSTEMPATH/Config/Services.php(668): CodeIgniter\Config\BaseService::getSharedInstance('session', null)
10 SYSTEMPATH/Config/BaseService.php(321): CodeIgniter\Config\Services::session()
11 SYSTEMPATH/Config/BaseService.php(202): CodeIgniter\Config\BaseService::__callStatic('session', [])
12 SYSTEMPATH/Common.php(996): CodeIgniter\Config\BaseService::get('session')
13 SYSTEMPATH/Common.php(969): service('session')
14 APPPATH/Views/news/create.php(3): session()
15 SYSTEMPATH/View/View.php(234): include('/var/www/public_html/ci4/app/Views/news/create.php')
16 SYSTEMPATH/View/View.php(237): CodeIgniter\View\View->CodeIgniter\View\{closure}()
17 SYSTEMPATH/Common.php(1169): CodeIgniter\View\View->render('news/create', [], true)
18 APPPATH/Controllers/News.php(46): view('news/create')
19 SYSTEMPATH/CodeIgniter.php(933): App\Controllers\News->new()
20 SYSTEMPATH/CodeIgniter.php(509): CodeIgniter\CodeIgniter->runController(Object(App\Controllers\News))
21 SYSTEMPATH/CodeIgniter.php(355): CodeIgniter\CodeIgniter->handleRequest(null, Object(Config\Cache), false)
22 SYSTEMPATH/Boot.php(325): CodeIgniter\CodeIgniter->run()
23 SYSTEMPATH/Boot.php(67): CodeIgniter\Boot::runCodeIgniter(Object(CodeIgniter\CodeIgniter))
24 FCPATH/index.php(56): CodeIgniter\Boot::bootWeb(Object(Config\Paths))
CRITICAL - 2024-08-17 01:43:38 --> ErrorException: fopen(/var/www/public_html/ci4/writable/session/ci_session75069e7581d761c7a857b899dd05308e89a19927): Failed to open stream: Permission denied
[Method: GET, Route: news/new]
in SYSTEMPATH/Session/Handlers/FileHandler.php on line 130.
 1 [internal function]: CodeIgniter\Debug\Exceptions->errorHandler(2, 'fopen(/var/www/public_html/ci4/writable/session/ci_session75069e7581d761c7a857b899dd05308e89a19927): Failed to open stream: Permission denied', '/var/www/public_html/ci4/system/Session/Handlers/FileHandler.php', 130)
 2 SYSTEMPATH/Session/Handlers/FileHandler.php(130): fopen('/var/www/public_html/ci4/writable/session/ci_session75069e7581d761c7a857b899dd05308e89a19927', 'c+b')
 3 [internal function]: CodeIgniter\Session\Handlers\FileHandler->read('75069e7581d761c7a857b899dd05308e89a19927')
 4 SYSTEMPATH/Session/Session.php(920): session_start()
 5 SYSTEMPATH/Session/Session.php(242): CodeIgniter\Session\Session->startSession()
 6 SYSTEMPATH/Config/Services.php(710): CodeIgniter\Session\Session->start()
 7 SYSTEMPATH/Config/BaseService.php(312): CodeIgniter\Config\Services::session(Object(Config\Session), false)
 8 SYSTEMPATH/Config/BaseService.php(251): CodeIgniter\Config\BaseService::__callStatic('session', [...])
 9 SYSTEMPATH/Config/Services.php(668): CodeIgniter\Config\BaseService::getSharedInstance('session', null)
10 SYSTEMPATH/Config/BaseService.php(321): CodeIgniter\Config\Services::session()
11 SYSTEMPATH/Config/BaseService.php(202): CodeIgniter\Config\BaseService::__callStatic('session', [])
12 SYSTEMPATH/Common.php(996): CodeIgniter\Config\BaseService::get('session')
13 SYSTEMPATH/Common.php(969): service('session')
14 APPPATH/Views/news/create.php(3): session()
15 SYSTEMPATH/View/View.php(234): include('/var/www/public_html/ci4/app/Views/news/create.php')
16 SYSTEMPATH/View/View.php(237): CodeIgniter\View\View->CodeIgniter\View\{closure}()
17 SYSTEMPATH/Common.php(1169): CodeIgniter\View\View->render('news/create', [], true)
18 APPPATH/Controllers/News.php(46): view('news/create')
19 SYSTEMPATH/CodeIgniter.php(933): App\Controllers\News->new()
20 SYSTEMPATH/CodeIgniter.php(509): CodeIgniter\CodeIgniter->runController(Object(App\Controllers\News))
21 SYSTEMPATH/CodeIgniter.php(355): CodeIgniter\CodeIgniter->handleRequest(null, Object(Config\Cache), false)
22 SYSTEMPATH/Boot.php(325): CodeIgniter\CodeIgniter->run()
23 SYSTEMPATH/Boot.php(67): CodeIgniter\Boot::runCodeIgniter(Object(CodeIgniter\CodeIgniter))
24 FCPATH/index.php(56): CodeIgniter\Boot::bootWeb(Object(Config\Paths))
CRITICAL - 2024-08-17 01:46:27 --> ErrorException: fopen(/var/www/public_html/ci4/writable/session/ci_session75069e7581d761c7a857b899dd05308e89a19927): Failed to open stream: Permission denied
[Method: GET, Route: news/new]
in SYSTEMPATH/Session/Handlers/FileHandler.php on line 130.
 1 [internal function]: CodeIgniter\Debug\Exceptions->errorHandler(2, 'fopen(/var/www/public_html/ci4/writable/session/ci_session75069e7581d761c7a857b899dd05308e89a19927): Failed to open stream: Permission denied', '/var/www/public_html/ci4/system/Session/Handlers/FileHandler.php', 130)
 2 SYSTEMPATH/Session/Handlers/FileHandler.php(130): fopen('/var/www/public_html/ci4/writable/session/ci_session75069e7581d761c7a857b899dd05308e89a19927', 'c+b')
 3 [internal function]: CodeIgniter\Session\Handlers\FileHandler->read('75069e7581d761c7a857b899dd05308e89a19927')
 4 SYSTEMPATH/Session/Session.php(920): session_start()
 5 SYSTEMPATH/Session/Session.php(242): CodeIgniter\Session\Session->startSession()
 6 SYSTEMPATH/Config/Services.php(710): CodeIgniter\Session\Session->start()
 7 SYSTEMPATH/Config/BaseService.php(312): CodeIgniter\Config\Services::session(Object(Config\Session), false)
 8 SYSTEMPATH/Config/BaseService.php(251): CodeIgniter\Config\BaseService::__callStatic('session', [...])
 9 SYSTEMPATH/Config/Services.php(668): CodeIgniter\Config\BaseService::getSharedInstance('session', null)
10 SYSTEMPATH/Config/BaseService.php(321): CodeIgniter\Config\Services::session()
11 SYSTEMPATH/Config/BaseService.php(202): CodeIgniter\Config\BaseService::__callStatic('session', [])
12 SYSTEMPATH/Common.php(996): CodeIgniter\Config\BaseService::get('session')
13 SYSTEMPATH/Common.php(969): service('session')
14 APPPATH/Views/news/create.php(3): session()
15 SYSTEMPATH/View/View.php(234): include('/var/www/public_html/ci4/app/Views/news/create.php')
16 SYSTEMPATH/View/View.php(237): CodeIgniter\View\View->CodeIgniter\View\{closure}()
17 SYSTEMPATH/Common.php(1169): CodeIgniter\View\View->render('news/create', [], true)
18 APPPATH/Controllers/News.php(46): view('news/create')
19 SYSTEMPATH/CodeIgniter.php(933): App\Controllers\News->new()
20 SYSTEMPATH/CodeIgniter.php(509): CodeIgniter\CodeIgniter->runController(Object(App\Controllers\News))
21 SYSTEMPATH/CodeIgniter.php(355): CodeIgniter\CodeIgniter->handleRequest(null, Object(Config\Cache), false)
22 SYSTEMPATH/Boot.php(325): CodeIgniter\CodeIgniter->run()
23 SYSTEMPATH/Boot.php(67): CodeIgniter\Boot::runCodeIgniter(Object(CodeIgniter\CodeIgniter))
24 FCPATH/index.php(56): CodeIgniter\Boot::bootWeb(Object(Config\Paths))
CRITICAL - 2024-08-17 01:46:30 --> ErrorException: fopen(/var/www/public_html/ci4/writable/session/ci_session75069e7581d761c7a857b899dd05308e89a19927): Failed to open stream: Permission denied
[Method: GET, Route: news/new]
in SYSTEMPATH/Session/Handlers/FileHandler.php on line 130.
 1 [internal function]: CodeIgniter\Debug\Exceptions->errorHandler(2, 'fopen(/var/www/public_html/ci4/writable/session/ci_session75069e7581d761c7a857b899dd05308e89a19927): Failed to open stream: Permission denied', '/var/www/public_html/ci4/system/Session/Handlers/FileHandler.php', 130)
 2 SYSTEMPATH/Session/Handlers/FileHandler.php(130): fopen('/var/www/public_html/ci4/writable/session/ci_session75069e7581d761c7a857b899dd05308e89a19927', 'c+b')
 3 [internal function]: CodeIgniter\Session\Handlers\FileHandler->read('75069e7581d761c7a857b899dd05308e89a19927')
 4 SYSTEMPATH/Session/Session.php(920): session_start()
 5 SYSTEMPATH/Session/Session.php(242): CodeIgniter\Session\Session->startSession()
 6 SYSTEMPATH/Config/Services.php(710): CodeIgniter\Session\Session->start()
 7 SYSTEMPATH/Config/BaseService.php(312): CodeIgniter\Config\Services::session(Object(Config\Session), false)
 8 SYSTEMPATH/Config/BaseService.php(251): CodeIgniter\Config\BaseService::__callStatic('session', [...])
 9 SYSTEMPATH/Config/Services.php(668): CodeIgniter\Config\BaseService::getSharedInstance('session', null)
10 SYSTEMPATH/Config/BaseService.php(321): CodeIgniter\Config\Services::session()
11 SYSTEMPATH/Config/BaseService.php(202): CodeIgniter\Config\BaseService::__callStatic('session', [])
12 SYSTEMPATH/Common.php(996): CodeIgniter\Config\BaseService::get('session')
13 SYSTEMPATH/Common.php(969): service('session')
14 APPPATH/Views/news/create.php(3): session()
15 SYSTEMPATH/View/View.php(234): include('/var/www/public_html/ci4/app/Views/news/create.php')
16 SYSTEMPATH/View/View.php(237): CodeIgniter\View\View->CodeIgniter\View\{closure}()
17 SYSTEMPATH/Common.php(1169): CodeIgniter\View\View->render('news/create', [], true)
18 APPPATH/Controllers/News.php(46): view('news/create')
19 SYSTEMPATH/CodeIgniter.php(933): App\Controllers\News->new()
20 SYSTEMPATH/CodeIgniter.php(509): CodeIgniter\CodeIgniter->runController(Object(App\Controllers\News))
21 SYSTEMPATH/CodeIgniter.php(355): CodeIgniter\CodeIgniter->handleRequest(null, Object(Config\Cache), false)
22 SYSTEMPATH/Boot.php(325): CodeIgniter\CodeIgniter->run()
23 SYSTEMPATH/Boot.php(67): CodeIgniter\Boot::runCodeIgniter(Object(CodeIgniter\CodeIgniter))
24 FCPATH/index.php(56): CodeIgniter\Boot::bootWeb(Object(Config\Paths))
INFO - 2024-08-17 01:48:46 --> Session: Class initialized using 'CodeIgniter\Session\Handlers\FileHandler' driver.
INFO - 2024-08-17 01:49:10 --> CSRF token verified.
INFO - 2024-08-17 01:49:10 --> Session: Class initialized using 'CodeIgniter\Session\Handlers\FileHandler' driver.
INFO - 2024-08-17 01:49:16 --> CSRF token verified.
INFO - 2024-08-17 01:49:16 --> Session: Class initialized using 'CodeIgniter\Session\Handlers\FileHandler' driver.
INFO - 2024-08-17 01:49:18 --> CSRF token verified.
INFO - 2024-08-17 01:49:18 --> Session: Class initialized using 'CodeIgniter\Session\Handlers\FileHandler' driver.
INFO - 2024-08-17 01:49:23 --> CSRF token verified.
INFO - 2024-08-17 01:49:23 --> Session: Class initialized using 'CodeIgniter\Session\Handlers\FileHandler' driver.
CRITICAL - 2024-08-17 01:55:23 --> CodeIgniter\Security\Exceptions\SecurityException: The action you requested is not allowed.
[Method: POST, Route: news]
in SYSTEMPATH/Security/Security.php on line 262.
 1 SYSTEMPATH/Security/Security.php(262): CodeIgniter\Security\Exceptions\SecurityException::forDisallowedAction()
 2 SYSTEMPATH/Filters/CSRF.php(57): CodeIgniter\Security\Security->verify(Object(CodeIgniter\HTTP\IncomingRequest))
 3 SYSTEMPATH/Filters/Filters.php(203): CodeIgniter\Filters\CSRF->before(Object(CodeIgniter\HTTP\IncomingRequest), null)
 4 SYSTEMPATH/Filters/Filters.php(184): CodeIgniter\Filters\Filters->runBefore([...])
 5 SYSTEMPATH/CodeIgniter.php(481): CodeIgniter\Filters\Filters->run('news', 'before')
 6 SYSTEMPATH/CodeIgniter.php(355): CodeIgniter\CodeIgniter->handleRequest(null, Object(Config\Cache), false)
 7 SYSTEMPATH/Boot.php(325): CodeIgniter\CodeIgniter->run()
 8 SYSTEMPATH/Boot.php(67): CodeIgniter\Boot::runCodeIgniter(Object(CodeIgniter\CodeIgniter))
 9 FCPATH/index.php(56): CodeIgniter\Boot::bootWeb(Object(Config\Paths))
INFO - 2024-08-17 01:55:28 --> Session: Class initialized using 'CodeIgniter\Session\Handlers\FileHandler' driver.
INFO - 2024-08-17 01:55:42 --> Session: Class initialized using 'CodeIgniter\Session\Handlers\FileHandler' driver.
INFO - 2024-08-17 01:56:01 --> CSRF token verified.
INFO - 2024-08-17 01:56:01 --> Session: Class initialized using 'CodeIgniter\Session\Handlers\FileHandler' driver.
CRITICAL - 2024-08-17 01:57:40 --> CodeIgniter\Security\Exceptions\SecurityException: The action you requested is not allowed.
[Method: POST, Route: news]
in SYSTEMPATH/Security/Security.php on line 262.
 1 SYSTEMPATH/Security/Security.php(262): CodeIgniter\Security\Exceptions\SecurityException::forDisallowedAction()
 2 SYSTEMPATH/Filters/CSRF.php(57): CodeIgniter\Security\Security->verify(Object(CodeIgniter\HTTP\IncomingRequest))
 3 SYSTEMPATH/Filters/Filters.php(203): CodeIgniter\Filters\CSRF->before(Object(CodeIgniter\HTTP\IncomingRequest), null)
 4 SYSTEMPATH/Filters/Filters.php(184): CodeIgniter\Filters\Filters->runBefore([...])
 5 SYSTEMPATH/CodeIgniter.php(481): CodeIgniter\Filters\Filters->run('news', 'before')
 6 SYSTEMPATH/CodeIgniter.php(355): CodeIgniter\CodeIgniter->handleRequest(null, Object(Config\Cache), false)
 7 SYSTEMPATH/Boot.php(325): CodeIgniter\CodeIgniter->run()
 8 SYSTEMPATH/Boot.php(67): CodeIgniter\Boot::runCodeIgniter(Object(CodeIgniter\CodeIgniter))
 9 FCPATH/index.php(56): CodeIgniter\Boot::bootWeb(Object(Config\Paths))
INFO - 2024-08-17 01:57:47 --> Session: Class initialized using 'CodeIgniter\Session\Handlers\FileHandler' driver.
INFO - 2024-08-17 01:58:28 --> CSRF token verified.
INFO - 2024-08-17 01:58:28 --> Session: Class initialized using 'CodeIgniter\Session\Handlers\FileHandler' driver.
CRITICAL - 2024-08-17 02:03:14 --> CodeIgniter\Security\Exceptions\SecurityException: The action you requested is not allowed.
[Method: POST, Route: news]
in SYSTEMPATH/Security/Security.php on line 262.
 1 SYSTEMPATH/Security/Security.php(262): CodeIgniter\Security\Exceptions\SecurityException::forDisallowedAction()
 2 SYSTEMPATH/Filters/CSRF.php(57): CodeIgniter\Security\Security->verify(Object(CodeIgniter\HTTP\IncomingRequest))
 3 SYSTEMPATH/Filters/Filters.php(203): CodeIgniter\Filters\CSRF->before(Object(CodeIgniter\HTTP\IncomingRequest), null)
 4 SYSTEMPATH/Filters/Filters.php(184): CodeIgniter\Filters\Filters->runBefore([...])
 5 SYSTEMPATH/CodeIgniter.php(481): CodeIgniter\Filters\Filters->run('news', 'before')
 6 SYSTEMPATH/CodeIgniter.php(355): CodeIgniter\CodeIgniter->handleRequest(null, Object(Config\Cache), false)
 7 SYSTEMPATH/Boot.php(325): CodeIgniter\CodeIgniter->run()
 8 SYSTEMPATH/Boot.php(67): CodeIgniter\Boot::runCodeIgniter(Object(CodeIgniter\CodeIgniter))
 9 FCPATH/index.php(56): CodeIgniter\Boot::bootWeb(Object(Config\Paths))
INFO - 2024-08-17 02:03:21 --> Session: Class initialized using 'CodeIgniter\Session\Handlers\FileHandler' driver.
INFO - 2024-08-17 02:04:04 --> CSRF token verified.
INFO - 2024-08-17 02:04:04 --> Session: Class initialized using 'CodeIgniter\Session\Handlers\FileHandler' driver.
INFO - 2024-08-17 02:04:40 --> CSRF token verified.
INFO - 2024-08-17 02:04:40 --> Session: Class initialized using 'CodeIgniter\Session\Handlers\FileHandler' driver.
INFO - 2024-08-17 02:04:45 --> CSRF token verified.
INFO - 2024-08-17 02:04:45 --> Session: Class initialized using 'CodeIgniter\Session\Handlers\FileHandler' driver.
INFO - 2024-08-17 02:04:58 --> Session: Class initialized using 'CodeIgniter\Session\Handlers\FileHandler' driver.
CRITICAL - 2024-08-17 02:07:56 --> ErrorException: fopen(/var/www/public_html/ci4/writable/session/ci_session3034eda42c5cca8d55ce3ae41c6a3d8f396ec155): Failed to open stream: Permission denied
[Method: GET, Route: news/new]
in SYSTEMPATH/Session/Handlers/FileHandler.php on line 130.
 1 [internal function]: CodeIgniter\Debug\Exceptions->errorHandler(2, 'fopen(/var/www/public_html/ci4/writable/session/ci_session3034eda42c5cca8d55ce3ae41c6a3d8f396ec155): Failed to open stream: Permission denied', '/var/www/public_html/ci4/system/Session/Handlers/FileHandler.php', 130)
 2 SYSTEMPATH/Session/Handlers/FileHandler.php(130): fopen('/var/www/public_html/ci4/writable/session/ci_session3034eda42c5cca8d55ce3ae41c6a3d8f396ec155', 'c+b')
 3 [internal function]: CodeIgniter\Session\Handlers\FileHandler->read('3034eda42c5cca8d55ce3ae41c6a3d8f396ec155')
 4 SYSTEMPATH/Session/Session.php(920): session_start()
 5 SYSTEMPATH/Session/Session.php(242): CodeIgniter\Session\Session->startSession()
 6 SYSTEMPATH/Config/Services.php(710): CodeIgniter\Session\Session->start()
 7 SYSTEMPATH/Config/BaseService.php(312): CodeIgniter\Config\Services::session(Object(Config\Session), false)
 8 SYSTEMPATH/Config/BaseService.php(251): CodeIgniter\Config\BaseService::__callStatic('session', [...])
 9 SYSTEMPATH/Config/Services.php(668): CodeIgniter\Config\BaseService::getSharedInstance('session', null)
10 SYSTEMPATH/Config/BaseService.php(321): CodeIgniter\Config\Services::session()
11 SYSTEMPATH/Config/BaseService.php(202): CodeIgniter\Config\BaseService::__callStatic('session', [])
12 SYSTEMPATH/Common.php(996): CodeIgniter\Config\BaseService::get('session')
13 SYSTEMPATH/Common.php(969): service('session')
14 APPPATH/Views/news/create.php(3): session()
15 SYSTEMPATH/View/View.php(234): include('/var/www/public_html/ci4/app/Views/news/create.php')
16 SYSTEMPATH/View/View.php(237): CodeIgniter\View\View->CodeIgniter\View\{closure}()
17 SYSTEMPATH/Common.php(1169): CodeIgniter\View\View->render('news/create', [], true)
18 APPPATH/Controllers/News.php(46): view('news/create')
19 SYSTEMPATH/CodeIgniter.php(933): App\Controllers\News->new()
20 SYSTEMPATH/CodeIgniter.php(509): CodeIgniter\CodeIgniter->runController(Object(App\Controllers\News))
21 SYSTEMPATH/CodeIgniter.php(355): CodeIgniter\CodeIgniter->handleRequest(null, Object(Config\Cache), false)
22 SYSTEMPATH/Boot.php(325): CodeIgniter\CodeIgniter->run()
23 SYSTEMPATH/Boot.php(67): CodeIgniter\Boot::runCodeIgniter(Object(CodeIgniter\CodeIgniter))
24 FCPATH/index.php(56): CodeIgniter\Boot::bootWeb(Object(Config\Paths))
CRITICAL - 2024-08-17 02:07:59 --> ErrorException: fopen(/var/www/public_html/ci4/writable/session/ci_session3034eda42c5cca8d55ce3ae41c6a3d8f396ec155): Failed to open stream: Permission denied
[Method: GET, Route: news/new]
in SYSTEMPATH/Session/Handlers/FileHandler.php on line 130.
 1 [internal function]: CodeIgniter\Debug\Exceptions->errorHandler(2, 'fopen(/var/www/public_html/ci4/writable/session/ci_session3034eda42c5cca8d55ce3ae41c6a3d8f396ec155): Failed to open stream: Permission denied', '/var/www/public_html/ci4/system/Session/Handlers/FileHandler.php', 130)
 2 SYSTEMPATH/Session/Handlers/FileHandler.php(130): fopen('/var/www/public_html/ci4/writable/session/ci_session3034eda42c5cca8d55ce3ae41c6a3d8f396ec155', 'c+b')
 3 [internal function]: CodeIgniter\Session\Handlers\FileHandler->read('3034eda42c5cca8d55ce3ae41c6a3d8f396ec155')
 4 SYSTEMPATH/Session/Session.php(920): session_start()
 5 SYSTEMPATH/Session/Session.php(242): CodeIgniter\Session\Session->startSession()
 6 SYSTEMPATH/Config/Services.php(710): CodeIgniter\Session\Session->start()
 7 SYSTEMPATH/Config/BaseService.php(312): CodeIgniter\Config\Services::session(Object(Config\Session), false)
 8 SYSTEMPATH/Config/BaseService.php(251): CodeIgniter\Config\BaseService::__callStatic('session', [...])
 9 SYSTEMPATH/Config/Services.php(668): CodeIgniter\Config\BaseService::getSharedInstance('session', null)
10 SYSTEMPATH/Config/BaseService.php(321): CodeIgniter\Config\Services::session()
11 SYSTEMPATH/Config/BaseService.php(202): CodeIgniter\Config\BaseService::__callStatic('session', [])
12 SYSTEMPATH/Common.php(996): CodeIgniter\Config\BaseService::get('session')
13 SYSTEMPATH/Common.php(969): service('session')
14 APPPATH/Views/news/create.php(3): session()
15 SYSTEMPATH/View/View.php(234): include('/var/www/public_html/ci4/app/Views/news/create.php')
16 SYSTEMPATH/View/View.php(237): CodeIgniter\View\View->CodeIgniter\View\{closure}()
17 SYSTEMPATH/Common.php(1169): CodeIgniter\View\View->render('news/create', [], true)
18 APPPATH/Controllers/News.php(46): view('news/create')
19 SYSTEMPATH/CodeIgniter.php(933): App\Controllers\News->new()
20 SYSTEMPATH/CodeIgniter.php(509): CodeIgniter\CodeIgniter->runController(Object(App\Controllers\News))
21 SYSTEMPATH/CodeIgniter.php(355): CodeIgniter\CodeIgniter->handleRequest(null, Object(Config\Cache), false)
22 SYSTEMPATH/Boot.php(325): CodeIgniter\CodeIgniter->run()
23 SYSTEMPATH/Boot.php(67): CodeIgniter\Boot::runCodeIgniter(Object(CodeIgniter\CodeIgniter))
24 FCPATH/index.php(56): CodeIgniter\Boot::bootWeb(Object(Config\Paths))
INFO - 2024-08-17 02:08:20 --> Session: Class initialized using 'CodeIgniter\Session\Handlers\FileHandler' driver.
INFO - 2024-08-17 02:10:52 --> Session: Class initialized using 'CodeIgniter\Session\Handlers\FileHandler' driver.
INFO - 2024-08-17 02:11:09 --> CSRF token verified.
INFO - 2024-08-17 02:11:09 --> Session: Class initialized using 'CodeIgniter\Session\Handlers\FileHandler' driver.
INFO - 2024-08-17 02:17:03 --> Session: Class initialized using 'CodeIgniter\Session\Handlers\FileHandler' driver.
INFO - 2024-08-17 02:17:33 --> CSRF token verified.
INFO - 2024-08-17 02:17:33 --> Session: Class initialized using 'CodeIgniter\Session\Handlers\FileHandler' driver.
CRITICAL - 2024-08-17 02:19:34 --> CodeIgniter\Security\Exceptions\SecurityException: The action you requested is not allowed.
[Method: POST, Route: news]
in SYSTEMPATH/Security/Security.php on line 262.
 1 SYSTEMPATH/Security/Security.php(262): CodeIgniter\Security\Exceptions\SecurityException::forDisallowedAction()
 2 SYSTEMPATH/Filters/CSRF.php(57): CodeIgniter\Security\Security->verify(Object(CodeIgniter\HTTP\IncomingRequest))
 3 SYSTEMPATH/Filters/Filters.php(203): CodeIgniter\Filters\CSRF->before(Object(CodeIgniter\HTTP\IncomingRequest), null)
 4 SYSTEMPATH/Filters/Filters.php(184): CodeIgniter\Filters\Filters->runBefore([...])
 5 SYSTEMPATH/CodeIgniter.php(481): CodeIgniter\Filters\Filters->run('news', 'before')
 6 SYSTEMPATH/CodeIgniter.php(355): CodeIgniter\CodeIgniter->handleRequest(null, Object(Config\Cache), false)
 7 SYSTEMPATH/Boot.php(325): CodeIgniter\CodeIgniter->run()
 8 SYSTEMPATH/Boot.php(67): CodeIgniter\Boot::runCodeIgniter(Object(CodeIgniter\CodeIgniter))
 9 FCPATH/index.php(56): CodeIgniter\Boot::bootWeb(Object(Config\Paths))
INFO - 2024-08-17 02:19:41 --> Session: Class initialized using 'CodeIgniter\Session\Handlers\FileHandler' driver.
INFO - 2024-08-17 02:19:47 --> Session: Class initialized using 'CodeIgniter\Session\Handlers\FileHandler' driver.
INFO - 2024-08-17 02:22:57 --> Session: Class initialized using 'CodeIgniter\Session\Handlers\FileHandler' driver.
INFO - 2024-08-17 02:23:13 --> CSRF token verified.
INFO - 2024-08-17 02:23:13 --> Session: Class initialized using 'CodeIgniter\Session\Handlers\FileHandler' driver.
CRITICAL - 2024-08-17 02:24:43 --> CodeIgniter\Security\Exceptions\SecurityException: The action you requested is not allowed.
[Method: POST, Route: news]
in SYSTEMPATH/Security/Security.php on line 262.
 1 SYSTEMPATH/Security/Security.php(262): CodeIgniter\Security\Exceptions\SecurityException::forDisallowedAction()
 2 SYSTEMPATH/Filters/CSRF.php(57): CodeIgniter\Security\Security->verify(Object(CodeIgniter\HTTP\IncomingRequest))
 3 SYSTEMPATH/Filters/Filters.php(203): CodeIgniter\Filters\CSRF->before(Object(CodeIgniter\HTTP\IncomingRequest), null)
 4 SYSTEMPATH/Filters/Filters.php(184): CodeIgniter\Filters\Filters->runBefore([...])
 5 SYSTEMPATH/CodeIgniter.php(481): CodeIgniter\Filters\Filters->run('news', 'before')
 6 SYSTEMPATH/CodeIgniter.php(355): CodeIgniter\CodeIgniter->handleRequest(null, Object(Config\Cache), false)
 7 SYSTEMPATH/Boot.php(325): CodeIgniter\CodeIgniter->run()
 8 SYSTEMPATH/Boot.php(67): CodeIgniter\Boot::runCodeIgniter(Object(CodeIgniter\CodeIgniter))
 9 FCPATH/index.php(56): CodeIgniter\Boot::bootWeb(Object(Config\Paths))
INFO - 2024-08-17 02:24:50 --> Session: Class initialized using 'CodeIgniter\Session\Handlers\FileHandler' driver.
INFO - 2024-08-17 02:25:36 --> Session: Class initialized using 'CodeIgniter\Session\Handlers\FileHandler' driver.
INFO - 2024-08-17 02:25:36 --> Session: Class initialized using 'CodeIgniter\Session\Handlers\FileHandler' driver.
INFO - 2024-08-17 02:25:56 --> Session: Class initialized using 'CodeIgniter\Session\Handlers\FileHandler' driver.
INFO - 2024-08-17 02:27:00 --> Session: Class initialized using 'CodeIgniter\Session\Handlers\FileHandler' driver.
INFO - 2024-08-17 02:27:19 --> CSRF token verified.
INFO - 2024-08-17 02:27:19 --> Session: Class initialized using 'CodeIgniter\Session\Handlers\FileHandler' driver.
INFO - 2024-08-17 02:32:09 --> CSRF token verified.
INFO - 2024-08-17 02:32:09 --> Session: Class initialized using 'CodeIgniter\Session\Handlers\FileHandler' driver.
INFO - 2024-08-17 02:32:15 --> Session: Class initialized using 'CodeIgniter\Session\Handlers\FileHandler' driver.
INFO - 2024-08-17 02:32:29 --> CSRF token verified.
INFO - 2024-08-17 02:32:29 --> Session: Class initialized using 'CodeIgniter\Session\Handlers\FileHandler' driver.
INFO - 2024-08-17 02:44:05 --> Session: Class initialized using 'CodeIgniter\Session\Handlers\FileHandler' driver.
INFO - 2024-08-17 02:44:39 --> Session: Class initialized using 'CodeIgniter\Session\Handlers\FileHandler' driver.
INFO - 2024-08-17 02:45:25 --> CSRF token verified.
INFO - 2024-08-17 02:45:25 --> Session: Class initialized using 'CodeIgniter\Session\Handlers\FileHandler' driver.
INFO - 2024-08-17 02:46:29 --> CSRF token verified.
INFO - 2024-08-17 02:46:29 --> Session: Class initialized using 'CodeIgniter\Session\Handlers\FileHandler' driver.
INFO - 2024-08-17 02:47:57 --> Session: Class initialized using 'CodeIgniter\Session\Handlers\FileHandler' driver.
INFO - 2024-08-17 02:48:17 --> CSRF token verified.
INFO - 2024-08-17 02:48:17 --> Session: Class initialized using 'CodeIgniter\Session\Handlers\FileHandler' driver.
INFO - 2024-08-17 02:48:52 --> Session: Class initialized using 'CodeIgniter\Session\Handlers\FileHandler' driver.
INFO - 2024-08-17 02:48:54 --> CSRF token verified.
INFO - 2024-08-17 02:48:54 --> Session: Class initialized using 'CodeIgniter\Session\Handlers\FileHandler' driver.
INFO - 2024-08-17 02:49:19 --> CSRF token verified.
INFO - 2024-08-17 02:49:19 --> Session: Class initialized using 'CodeIgniter\Session\Handlers\FileHandler' driver.
CRITICAL - 2024-08-17 02:51:17 --> CodeIgniter\Security\Exceptions\SecurityException: The action you requested is not allowed.
[Method: POST, Route: news]
in SYSTEMPATH/Security/Security.php on line 262.
 1 SYSTEMPATH/Security/Security.php(262): CodeIgniter\Security\Exceptions\SecurityException::forDisallowedAction()
 2 SYSTEMPATH/Filters/CSRF.php(57): CodeIgniter\Security\Security->verify(Object(CodeIgniter\HTTP\IncomingRequest))
 3 SYSTEMPATH/Filters/Filters.php(203): CodeIgniter\Filters\CSRF->before(Object(CodeIgniter\HTTP\IncomingRequest), null)
 4 SYSTEMPATH/Filters/Filters.php(184): CodeIgniter\Filters\Filters->runBefore([...])
 5 SYSTEMPATH/CodeIgniter.php(481): CodeIgniter\Filters\Filters->run('news', 'before')
 6 SYSTEMPATH/CodeIgniter.php(355): CodeIgniter\CodeIgniter->handleRequest(null, Object(Config\Cache), false)
 7 SYSTEMPATH/Boot.php(325): CodeIgniter\CodeIgniter->run()
 8 SYSTEMPATH/Boot.php(67): CodeIgniter\Boot::runCodeIgniter(Object(CodeIgniter\CodeIgniter))
 9 FCPATH/index.php(56): CodeIgniter\Boot::bootWeb(Object(Config\Paths))
INFO - 2024-08-17 02:54:13 --> CSRF token verified.
INFO - 2024-08-17 02:54:13 --> Session: Class initialized using 'CodeIgniter\Session\Handlers\FileHandler' driver.
INFO - 2024-08-17 02:56:11 --> Session: Class initialized using 'CodeIgniter\Session\Handlers\FileHandler' driver.
INFO - 2024-08-17 02:56:24 --> CSRF token verified.
INFO - 2024-08-17 02:56:24 --> Session: Class initialized using 'CodeIgniter\Session\Handlers\FileHandler' driver.
INFO - 2024-08-17 02:56:56 --> Session: Class initialized using 'CodeIgniter\Session\Handlers\FileHandler' driver.
INFO - 2024-08-17 02:57:10 --> CSRF token verified.
INFO - 2024-08-17 02:58:15 --> CSRF token verified.
INFO - 2024-08-17 02:58:15 --> Session: Class initialized using 'CodeIgniter\Session\Handlers\FileHandler' driver.
CRITICAL - 2024-08-17 02:58:27 --> CodeIgniter\Security\Exceptions\SecurityException: The action you requested is not allowed.
[Method: POST, Route: news]
in SYSTEMPATH/Security/Security.php on line 262.
 1 SYSTEMPATH/Security/Security.php(262): CodeIgniter\Security\Exceptions\SecurityException::forDisallowedAction()
 2 SYSTEMPATH/Filters/CSRF.php(57): CodeIgniter\Security\Security->verify(Object(CodeIgniter\HTTP\IncomingRequest))
 3 SYSTEMPATH/Filters/Filters.php(203): CodeIgniter\Filters\CSRF->before(Object(CodeIgniter\HTTP\IncomingRequest), null)
 4 SYSTEMPATH/Filters/Filters.php(184): CodeIgniter\Filters\Filters->runBefore([...])
 5 SYSTEMPATH/CodeIgniter.php(481): CodeIgniter\Filters\Filters->run('news', 'before')
 6 SYSTEMPATH/CodeIgniter.php(355): CodeIgniter\CodeIgniter->handleRequest(null, Object(Config\Cache), false)
 7 SYSTEMPATH/Boot.php(325): CodeIgniter\CodeIgniter->run()
 8 SYSTEMPATH/Boot.php(67): CodeIgniter\Boot::runCodeIgniter(Object(CodeIgniter\CodeIgniter))
 9 FCPATH/index.php(56): CodeIgniter\Boot::bootWeb(Object(Config\Paths))
INFO - 2024-08-17 02:58:37 --> Session: Class initialized using 'CodeIgniter\Session\Handlers\FileHandler' driver.
INFO - 2024-08-17 02:59:01 --> CSRF token verified.
INFO - 2024-08-17 03:02:09 --> Session: Class initialized using 'CodeIgniter\Session\Handlers\FileHandler' driver.
INFO - 2024-08-17 03:03:33 --> Session: Class initialized using 'CodeIgniter\Session\Handlers\FileHandler' driver.
